<?xml version="1.0" encoding="UTF-8" ?>
<testsuite errors="0" failures="0" hostname="WIN-D8APU05N8QS" name="CheckResultTest" skipped="0" tests="4" time="0.083" timestamp="2024-06-05T07:34:49">
  <properties>
    <property name="ant.library.dir" value="C:\Users\user\Downloads\apache-ant-1.10.14-bin\apache-ant-1.10.14\lib" />
    <property name="ant.file.type" value="file" />
    <property name="java.specification.version" value="21" />
    <property name="ant.project.name" value="web_3" />
    <property name="sun.cpu.isalist" value="amd64" />
    <property name="ant.file.type.web_3" value="file" />
    <property name="sun.jnu.encoding" value="Cp1251" />
    <property name="junit.report.dir" value="reports" />
    <property name="java.class.path" value="C:\Users\user\OneDrive\Документы\Учёба\Бакалавр\2 курс\Web\web_3\libs\junit-4.13.2.jar;C:\Users\user\OneDrive\Документы\Учёба\Бакалавр\2 курс\Web\web_3\libs\junit-jupiter-api-5.11.0-M2.jar;C:\Users\user\OneDrive\Документы\Учёба\Бакалавр\2 курс\Web\web_3\libs\apiguardian-api-1.1.2.jar;C:\Users\user\OneDrive\Документы\Учёба\Бакалавр\2 курс\Web\web_3\libs\hamcrest-core-1.3.jar;C:\Users\user\OneDrive\Документы\Учёба\Бакалавр\2 курс\Web\web_3\ant\build\WEB-INF\classes;C:\Users\user\OneDrive\Документы\Учёба\Бакалавр\2 курс\Web\web_3\ant\build\test\classes;C:\Users\user\Downloads\apache-ant-1.10.14-bin\apache-ant-1.10.14\lib\ant-launcher.jar;C:\Users\user\Downloads\apache-ant-1.10.14-bin\apache-ant-1.10.14\lib\ant.jar;C:\Users\user\Downloads\apache-ant-1.10.14-bin\apache-ant-1.10.14\lib\ant-junit.jar;C:\Users\user\Downloads\apache-ant-1.10.14-bin\apache-ant-1.10.14\lib\ant-junit4.jar" />
    <property name="build.dir.libs" value="ant/build/WEB-INF/lib" />
    <property name="java.vm.vendor" value="Oracle Corporation" />
    <property name="sun.arch.data.model" value="64" />
    <property name="user.variant" value="" />
    <property name="java.vendor.url" value="https://java.oracle.com/" />
    <property name="resources.dir" value="src/main/resources" />
    <property name="os.name" value="Windows 10" />
    <property name="java.vm.specification.version" value="21" />
    <property name="report.name" value="test.xml" />
    <property name="sun.java.launcher" value="SUN_STANDARD" />
    <property name="user.country" value="RU" />
    <property name="testName" value="DataTest" />
    <property name="sun.boot.library.path" value="C:\Users\user\.jdks\openjdk-21.0.2\bin" />
    <property name="sun.java.command" value="org.apache.tools.ant.taskdefs.optional.junit.JUnitTestRunner CheckResultTest skipNonTests=false filtertrace=true haltOnError=true haltOnFailure=true formatter=org.apache.tools.ant.taskdefs.optional.junit.SummaryJUnitResultFormatter showoutput=false outputtoformatters=true logfailedtests=true threadid=0 logtestlistenerevents=false formatter=org.apache.tools.ant.taskdefs.optional.junit.XMLJUnitResultFormatter,C:\Users\user\OneDrive\Документы\Учёба\Бакалавр\2 курс\Web\web_3\reports\TEST-CheckResultTest.xml crashfile=C:\Users\user\OneDrive\Документы\Учёба\Бакалавр\2 курс\Web\web_3\junitvmwatcher278078868870322118.properties propsfile=C:\Users\user\OneDrive\Документы\Учёба\Бакалавр\2 курс\Web\web_3\junit3619839347487898095.properties" />
    <property name="test.classes.dir" value="ant/build/test/classes" />
    <property name="jdk.debug" value="release" />
    <property name="test.dir" value="src/test/java" />
    <property name="sun.cpu.endian" value="little" />
    <property name="user.home" value="C:\Users\user" />
    <property name="coverage.dir" value="ant/build/coverage" />
    <property name="compile.version" value="11" />
    <property name="user.language" value="ru" />
    <property name="java.specification.vendor" value="Oracle Corporation" />
    <property name="web.dir" value="src/main/webapp" />
    <property name="ant.file.web_3" value="C:\Users\user\OneDrive\Документы\Учёба\Бакалавр\2 курс\Web\web_3\build.xml" />
    <property name="java.version.date" value="2024-01-16" />
    <property name="java.home" value="C:\Users\user\.jdks\openjdk-21.0.2" />
    <property name="contrib" value="libs/ant-contrib-1.0b3.jar" />
    <property name="basedir" value="C:\Users\user\OneDrive\Документы\Учёба\Бакалавр\2 курс\Web\web_3" />
    <property name="file.separator" value="\" />
    <property name="javadoc.dir" value="ant/docs" />
    <property name="java.vm.compressedOopsMode" value="Zero based" />
    <property name="line.separator" value="&#xd;&#xa;" />
    <property name="ant.java.version" value="21" />
    <property name="java.specification.name" value="Java Platform API Specification" />
    <property name="java.vm.specification.vendor" value="Oracle Corporation" />
    <property name="main.dir" value="src/main/java" />
    <property name="libs.dir" value="libs" />
    <property name="user.script" value="" />
    <property name="sun.management.compiler" value="HotSpot 64-Bit Tiered Compilers" />
    <property name="classes" value="./build/classes" />
    <property name="java.runtime.version" value="21.0.2+13-58" />
    <property name="user.name" value="user" />
    <property name="ant.file" value="C:\Users\user\OneDrive\Документы\Учёба\Бакалавр\2 курс\Web\web_3\build.xml" />
    <property name="stdout.encoding" value="Cp1251" />
    <property name="path.separator" value=";" />
    <property name="os.version" value="10.0" />
    <property name="java.runtime.name" value="OpenJDK Runtime Environment" />
    <property name="build.web.xml" value="ant/build/WEB-INF/web.xml" />
    <property name="file.encoding" value="UTF-8" />
    <property name="ant.project.invoked-targets" value="coverage" />
    <property name="classes.fail" value="ResultCDI ResultEJB" />
    <property name="java.vm.name" value="OpenJDK 64-Bit Server VM" />
    <property name="report.dir" value="./report" />
    <property name="build.dir" value="ant/build" />
    <property name="ant.core.lib" value="C:\Users\user\Downloads\apache-ant-1.10.14-bin\apache-ant-1.10.14\lib\ant.jar" />
    <property name="vm.args" value="" />
    <property name="java.vendor.url.bug" value="https://bugreport.java.com/bugreport/" />
    <property name="java.io.tmpdir" value="C:\Users\user\AppData\Local\Temp\" />
    <property name="junit" value="libs/junit-4.13.2.jar" />
    <property name="java.version" value="21.0.2" />
    <property name="svn.dir" value="./work" />
    <property name="user.dir" value="C:\Users\user\OneDrive\Документы\Учёба\Бакалавр\2 курс\Web\web_3" />
    <property name="os.arch" value="amd64" />
    <property name="java.vm.specification.name" value="Java Virtual Machine Specification" />
    <property name="ant.home" value="C:\Users\user\Downloads\apache-ant-1.10.14-bin\apache-ant-1.10.14" />
    <property name="ant.dir" value="ant" />
    <property name="sun.os.patch.level" value="" />
    <property name="native.encoding" value="Cp1251" />
    <property name="ant.version" value="Apache Ant(TM) version 1.10.14 compiled on August 16 2023" />
    <property name="java.library.path" value="C:\Users\user\.jdks\openjdk-21.0.2\bin;C:\Windows\Sun\Java\bin;C:\Windows\system32;C:\Windows;C:\Program Files\Common Files\Oracle\Java\javapath;C:\Program Files (x86)\Common Files\Oracle\Java\javapath;C:\Windows\System32\HWAudioDriverLibs;C:\Windows\system32;C:\Windows;C:\Windows\System32\Wbem;C:\Windows\System32\WindowsPowerShell\v1.0\;C:\Windows\System32\OpenSSH\;C:\Windows\system32\config\systemprofile\AppData\Local\Microsoft\WindowsApps;C:\Program Files\Git\cmd;C:\Program Files\nodejs\;C:\Program Files (x86)\Subversion\bin;C:\Users\user\Downloads\apache-ant-1.10.14-bin\apache-ant-1.10.14\bin;C:\Users\user\Downloads\Apache-Subversion-1.14.3\bin;C:\Program Files\TortoiseSVN\bin;C:\Users\user\AppData\Local\Programs\Python\Launcher\;C:\Users\user\AppData\Local\Microsoft\WindowsApps;C:\Users\user\AppData\Local\Programs\Microsoft VS Code\bin;C:\Program Files\JetBrains\IntelliJ IDEA Community Edition 2023.2.5\bin;;C:\Program Files\JetBrains\IntelliJ IDEA 2023.3.1\bin;;C:\Users\user\AppData\Roaming\npm;C:\Program Files\JetBrains\PyCharm 2023.3.3\bin;;;." />
    <property name="java.vendor" value="Oracle Corporation" />
    <property name="stderr.encoding" value="Cp1251" />
    <property name="java.vm.info" value="mixed mode, sharing" />
    <property name="build" value="./build" />
    <property name="java.vm.version" value="21.0.2+13-58" />
    <property name="classes.dir" value="ant/build/WEB-INF/classes" />
    <property name="sun.io.unicode.encoding" value="UnicodeLittle" />
    <property name="hamcrest" value="libs/hamcrest-core-1.3.jar" />
    <property name="java.class.version" value="65.0" />
    <property name="src.dir" value="src/main" />
    <property name="ant.project.default-target" value="build" />
  </properties>
  <testcase classname="CheckResultTest" name="testCheckCircle" time="0.003" />
  <testcase classname="CheckResultTest" name="testCheckOutside" time="0.001" />
  <testcase classname="CheckResultTest" name="testCheckSquare" time="0.0" />
  <testcase classname="CheckResultTest" name="testCheckTriangle" time="0.0" />
  <system-out><![CDATA[]]></system-out>
  <system-err><![CDATA[]]></system-err>
</testsuite>
